# JRE version: Java(TM) SE Runtime Environment 18.9 (11.0.10+8) (build 11.0.10+8-LTS-162)
# Java VM: Java HotSpot(TM) 64-Bit Server VM 18.9 (11.0.10+8-LTS-162, mixed mode, tiered, compressed oops, g1 gc, windows-amd64)
Heap:
 garbage-first heap   total 380928K, used 284786K [0x0000000705a00000, 0x0000000800000000)
  region size 1024K, 35 young (35840K), 2 survivors (2048K)
 Metaspace       used 33693K, capacity 34343K, committed 34560K, reserved 1079296K
  class space    used 3439K, capacity 3718K, committed 3840K, reserved 1048576K
GC Heap History (10 events):
Event: 332.390 GC heap before
{Heap before GC invocations=608 (full 0):
 garbage-first heap   total 380928K, used 339672K [0x0000000705a00000, 0x0000000800000000)
  region size 1024K, 88 young (90112K), 1 survivors (1024K)
 Metaspace       used 33599K, capacity 34279K, committed 34560K, reserved 1079296K
  class space    used 3420K, capacity 3718K, committed 3840K, reserved 1048576K
}
Event: 332.391 GC heap after
{Heap after GC invocations=609 (full 0):
 garbage-first heap   total 380928K, used 251627K [0x0000000705a00000, 0x0000000800000000)
  region size 1024K, 1 young (1024K), 1 survivors (1024K)
 Metaspace       used 33599K, capacity 34279K, committed 34560K, reserved 1079296K
  class space    used 3420K, capacity 3718K, committed 3840K, reserved 1048576K
}
Event: 332.767 GC heap before
{Heap before GC invocations=609 (full 0):
 garbage-first heap   total 380928K, used 340715K [0x0000000705a00000, 0x0000000800000000)
  region size 1024K, 89 young (91136K), 1 survivors (1024K)
 Metaspace       used 33693K, capacity 34343K, committed 34560K, reserved 1079296K
  class space    used 3439K, capacity 3718K, committed 3840K, reserved 1048576K
}
Event: 332.768 GC heap after
{Heap after GC invocations=610 (full 0):
 garbage-first heap   total 380928K, used 251942K [0x0000000705a00000, 0x0000000800000000)
  region size 1024K, 2 young (2048K), 2 survivors (2048K)
 Metaspace       used 33693K, capacity 34343K, committed 34560K, reserved 1079296K
  class space    used 3439K, capacity 3718K, committed 3840K, reserved 1048576K
}
Event: 333.118 GC heap before
{Heap before GC invocations=610 (full 0):
 garbage-first heap   total 380928K, used 338982K [0x0000000705a00000, 0x0000000800000000)
  region size 1024K, 87 young (89088K), 2 survivors (2048K)
 Metaspace       used 33693K, capacity 34343K, committed 34560K, reserved 1079296K
  class space    used 3439K, capacity 3718K, committed 3840K, reserved 1048576K
}
Event: 333.119 GC heap after
{Heap after GC invocations=611 (full 0):
 garbage-first heap   total 380928K, used 252026K [0x0000000705a00000, 0x0000000800000000)
  region size 1024K, 2 young (2048K), 2 survivors (2048K)
 Metaspace       used 33693K, capacity 34343K, committed 34560K, reserved 1079296K
  class space    used 3439K, capacity 3718K, committed 3840K, reserved 1048576K
}
Event: 333.466 GC heap before
{Heap before GC invocations=611 (full 0):
 garbage-first heap   total 380928K, used 342138K [0x0000000705a00000, 0x0000000800000000)
  region size 1024K, 91 young (93184K), 2 survivors (2048K)
 Metaspace       used 33693K, capacity 34343K, committed 34560K, reserved 1079296K
  class space    used 3439K, capacity 3718K, committed 3840K, reserved 1048576K
}
Event: 333.468 GC heap after
{Heap after GC invocations=612 (full 0):
 garbage-first heap   total 380928K, used 251911K [0x0000000705a00000, 0x0000000800000000)
  region size 1024K, 2 young (2048K), 2 survivors (2048K)
 Metaspace       used 33693K, capacity 34343K, committed 34560K, reserved 1079296K
  class space    used 3439K, capacity 3718K, committed 3840K, reserved 1048576K
}
Event: 333.803 GC heap before
{Heap before GC invocations=612 (full 0):
 garbage-first heap   total 380928K, used 339975K [0x0000000705a00000, 0x0000000800000000)
  region size 1024K, 89 young (91136K), 2 survivors (2048K)
 Metaspace       used 33693K, capacity 34343K, committed 34560K, reserved 1079296K
  class space    used 3439K, capacity 3718K, committed 3840K, reserved 1048576K
}
Event: 333.804 GC heap after
{Heap after GC invocations=613 (full 0):
 garbage-first heap   total 380928K, used 252018K [0x0000000705a00000, 0x0000000800000000)
  region size 1024K, 2 young (2048K), 2 survivors (2048K)
 Metaspace       used 33693K, capacity 34343K, committed 34560K, reserved 1079296K
  class space    used 3439K, capacity 3718K, committed 3840K, reserved 1048576K
}

